# JRE version: OpenJDK Runtime Environment (8.0_382-b05) (build 1.8.0_382-b05)
# Java VM: OpenJDK 64-Bit Server VM (25.382-b05 mixed mode windows-amd64 compressed oops)
Heap:
 PSYoungGen      total 224768K, used 33098K [0x00000000d5580000, 0x00000000e5e00000, 0x0000000100000000)
  eden space 192000K, 17% used [0x00000000d5580000,0x00000000d75d2be8,0x00000000e1100000)
  from space 32768K, 0% used [0x00000000e2f80000,0x00000000e2f80000,0x00000000e4f80000)
  to   space 31232K, 0% used [0x00000000e1100000,0x00000000e1100000,0x00000000e2f80000)
 ParOldGen       total 216064K, used 87217K [0x0000000080000000, 0x000000008d300000, 0x00000000d5580000)
  object space 216064K, 40% used [0x0000000080000000,0x000000008552c6e8,0x000000008d300000)
 Metaspace       used 93144K, capacity 97474K, committed 99840K, reserved 1134592K
  class space    used 12655K, capacity 13443K, committed 14080K, reserved 1048576K
GC Heap History (10 events):
Event: 13.971 GC heap before
{Heap before GC invocations=22 (full 3):
 PSYoungGen      total 171520K, used 166012K [0x00000000d5580000, 0x00000000e1700000, 0x0000000100000000)
  eden space 151552K, 100% used [0x00000000d5580000,0x00000000de980000,0x00000000de980000)
  from space 19968K, 72% used [0x00000000dfe00000,0x00000000e0c1f078,0x00000000e1180000)
  to   space 20992K, 0% used [0x00000000de980000,0x00000000de980000,0x00000000dfe00000)
 ParOldGen       total 133632K, used 47462K [0x0000000080000000, 0x0000000088280000, 0x00000000d5580000)
  object space 133632K, 35% used [0x0000000080000000,0x0000000082e59a28,0x0000000088280000)
 Metaspace       used 74187K, capacity 77740K, committed 78080K, reserved 1116160K
  class space    used 10271K, capacity 10909K, committed 11008K, reserved 1048576K
Event: 14.004 GC heap after
Heap after GC invocations=22 (full 3):
 PSYoungGen      total 172544K, used 20980K [0x00000000d5580000, 0x00000000e3400000, 0x0000000100000000)
  eden space 151552K, 0% used [0x00000000d5580000,0x00000000d5580000,0x00000000de980000)
  from space 20992K, 99% used [0x00000000de980000,0x00000000dfdfd088,0x00000000dfe00000)
  to   space 25088K, 0% used [0x00000000e1b80000,0x00000000e1b80000,0x00000000e3400000)
 ParOldGen       total 133632K, used 49507K [0x0000000080000000, 0x0000000088280000, 0x00000000d5580000)
  object space 133632K, 37% used [0x0000000080000000,0x0000000083058ee0,0x0000000088280000)
 Metaspace       used 74187K, capacity 77740K, committed 78080K, reserved 1116160K
  class space    used 10271K, capacity 10909K, committed 11008K, reserved 1048576K
}
Event: 23.314 GC heap before
{Heap before GC invocations=23 (full 3):
 PSYoungGen      total 172544K, used 172532K [0x00000000d5580000, 0x00000000e3400000, 0x0000000100000000)
  eden space 151552K, 100% used [0x00000000d5580000,0x00000000de980000,0x00000000de980000)
  from space 20992K, 99% used [0x00000000de980000,0x00000000dfdfd088,0x00000000dfe00000)
  to   space 25088K, 0% used [0x00000000e1b80000,0x00000000e1b80000,0x00000000e3400000)
 ParOldGen       total 133632K, used 49507K [0x0000000080000000, 0x0000000088280000, 0x00000000d5580000)
  object space 133632K, 37% used [0x0000000080000000,0x0000000083058ee0,0x0000000088280000)
 Metaspace       used 76544K, capacity 80282K, committed 80384K, reserved 1118208K
  class space    used 10533K, capacity 11178K, committed 11264K, reserved 1048576K
Event: 23.342 GC heap after
Heap after GC invocations=23 (full 3):
 PSYoungGen      total 194048K, used 25057K [0x00000000d5580000, 0x00000000e4180000, 0x0000000100000000)
  eden space 168960K, 0% used [0x00000000d5580000,0x00000000d5580000,0x00000000dfa80000)
  from space 25088K, 99% used [0x00000000e1b80000,0x00000000e33f85c8,0x00000000e3400000)
  to   space 33792K, 0% used [0x00000000dfa80000,0x00000000dfa80000,0x00000000e1b80000)
 ParOldGen       total 133632K, used 62441K [0x0000000080000000, 0x0000000088280000, 0x00000000d5580000)
  object space 133632K, 46% used [0x0000000080000000,0x0000000083cfa598,0x0000000088280000)
 Metaspace       used 76544K, capacity 80282K, committed 80384K, reserved 1118208K
  class space    used 10533K, capacity 11178K, committed 11264K, reserved 1048576K
}
Event: 28.531 GC heap before
{Heap before GC invocations=24 (full 3):
 PSYoungGen      total 194048K, used 194017K [0x00000000d5580000, 0x00000000e4180000, 0x0000000100000000)
  eden space 168960K, 100% used [0x00000000d5580000,0x00000000dfa80000,0x00000000dfa80000)
  from space 25088K, 99% used [0x00000000e1b80000,0x00000000e33f85c8,0x00000000e3400000)
  to   space 33792K, 0% used [0x00000000dfa80000,0x00000000dfa80000,0x00000000e1b80000)
 ParOldGen       total 133632K, used 62441K [0x0000000080000000, 0x0000000088280000, 0x00000000d5580000)
  object space 133632K, 46% used [0x0000000080000000,0x0000000083cfa598,0x0000000088280000)
 Metaspace       used 84630K, capacity 88582K, committed 88832K, reserved 1126400K
  class space    used 11460K, capacity 12163K, committed 12288K, reserved 1048576K
Event: 28.557 GC heap after
Heap after GC invocations=24 (full 3):
 PSYoungGen      total 202752K, used 16341K [0x00000000d5580000, 0x00000000e4f80000, 0x0000000100000000)
  eden space 168960K, 0% used [0x00000000d5580000,0x00000000d5580000,0x00000000dfa80000)
  from space 33792K, 48% used [0x00000000dfa80000,0x00000000e0a755c8,0x00000000e1b80000)
  to   space 32768K, 0% used [0x00000000e2f80000,0x00000000e2f80000,0x00000000e4f80000)
 ParOldGen       total 133632K, used 86287K [0x0000000080000000, 0x0000000088280000, 0x00000000d5580000)
  object space 133632K, 64% used [0x0000000080000000,0x0000000085443d10,0x0000000088280000)
 Metaspace       used 84630K, capacity 88582K, committed 88832K, reserved 1126400K
  class space    used 11460K, capacity 12163K, committed 12288K, reserved 1048576K
}
Event: 29.412 GC heap before
{Heap before GC invocations=25 (full 3):
 PSYoungGen      total 202752K, used 124496K [0x00000000d5580000, 0x00000000e4f80000, 0x0000000100000000)
  eden space 168960K, 64% used [0x00000000d5580000,0x00000000dbf1ebf8,0x00000000dfa80000)
  from space 33792K, 48% used [0x00000000dfa80000,0x00000000e0a755c8,0x00000000e1b80000)
  to   space 32768K, 0% used [0x00000000e2f80000,0x00000000e2f80000,0x00000000e4f80000)
 ParOldGen       total 133632K, used 86287K [0x0000000080000000, 0x0000000088280000, 0x00000000d5580000)
  object space 133632K, 64% used [0x0000000080000000,0x0000000085443d10,0x0000000088280000)
 Metaspace       used 92998K, capacity 98508K, committed 98560K, reserved 1134592K
  class space    used 12769K, capacity 13784K, committed 13824K, reserved 1048576K
Event: 29.547 GC heap after
Heap after GC invocations=25 (full 3):
 PSYoungGen      total 224768K, used 12121K [0x00000000d5580000, 0x00000000e5e00000, 0x0000000100000000)
  eden space 192000K, 0% used [0x00000000d5580000,0x00000000d5580000,0x00000000e1100000)
  from space 32768K, 36% used [0x00000000e2f80000,0x00000000e3b565b8,0x00000000e4f80000)
  to   space 31232K, 0% used [0x00000000e1100000,0x00000000e1100000,0x00000000e2f80000)
 ParOldGen       total 133632K, used 86295K [0x0000000080000000, 0x0000000088280000, 0x00000000d5580000)
  object space 133632K, 64% used [0x0000000080000000,0x0000000085445d10,0x0000000088280000)
 Metaspace       used 92998K, capacity 98508K, committed 98560K, reserved 1134592K
  class space    used 12769K, capacity 13784K, committed 13824K, reserved 1048576K
}
Event: 29.547 GC heap before
{Heap before GC invocations=26 (full 4):
 PSYoungGen      total 224768K, used 12121K [0x00000000d5580000, 0x00000000e5e00000, 0x0000000100000000)
  eden space 192000K, 0% used [0x00000000d5580000,0x00000000d5580000,0x00000000e1100000)
  from space 32768K, 36% used [0x00000000e2f80000,0x00000000e3b565b8,0x00000000e4f80000)
  to   space 31232K, 0% used [0x00000000e1100000,0x00000000e1100000,0x00000000e2f80000)
 ParOldGen       total 133632K, used 86295K [0x0000000080000000, 0x0000000088280000, 0x00000000d5580000)
  object space 133632K, 64% used [0x0000000080000000,0x0000000085445d10,0x0000000088280000)
 Metaspace       used 92998K, capacity 98508K, committed 98560K, reserved 1134592K
  class space    used 12769K, capacity 13784K, committed 13824K, reserved 1048576K
Event: 30.132 GC heap after
Heap after GC invocations=26 (full 4):
 PSYoungGen      total 224768K, used 0K [0x00000000d5580000, 0x00000000e5e00000, 0x0000000100000000)
  eden space 192000K, 0% used [0x00000000d5580000,0x00000000d5580000,0x00000000e1100000)
  from space 32768K, 0% used [0x00000000e2f80000,0x00000000e2f80000,0x00000000e4f80000)
  to   space 31232K, 0% used [0x00000000e1100000,0x00000000e1100000,0x00000000e2f80000)
 ParOldGen       total 216064K, used 87217K [0x0000000080000000, 0x000000008d300000, 0x00000000d5580000)
  object space 216064K, 40% used [0x0000000080000000,0x000000008552c6e8,0x000000008d300000)
 Metaspace       used 92081K, capacity 96294K, committed 98560K, reserved 1134592K
  class space    used 12442K, capacity 13221K, committed 13824K, reserved 1048576K
}

