# JRE version: OpenJDK Runtime Environment (8.0_382-b05) (build 1.8.0_382-b05)
# Java VM: OpenJDK 64-Bit Server VM (25.382-b05 mixed mode windows-amd64 compressed oops)
Heap:
 PSYoungGen      total 289792K, used 240608K [0x00000000d5580000, 0x00000000e8d80000, 0x0000000100000000)
  eden space 260096K, 88% used [0x00000000d5580000,0x00000000e356dd28,0x00000000e5380000)
  from space 29696K, 38% used [0x00000000e5380000,0x00000000e5e8a3c0,0x00000000e7080000)
  to   space 21504K, 0% used [0x00000000e7880000,0x00000000e7880000,0x00000000e8d80000)
 ParOldGen       total 134144K, used 60835K [0x0000000080000000, 0x0000000088300000, 0x00000000d5580000)
  object space 134144K, 45% used [0x0000000080000000,0x0000000083b68e48,0x0000000088300000)
 Metaspace       used 85276K, capacity 90094K, committed 90240K, reserved 1126400K
  class space    used 11776K, capacity 12637K, committed 12672K, reserved 1048576K
GC Heap History (10 events):
Event: 9.194 GC heap before
{Heap before GC invocations=16 (full 3):
 PSYoungGen      total 205824K, used 188928K [0x00000000d5580000, 0x00000000e3f00000, 0x0000000100000000)
  eden space 188928K, 100% used [0x00000000d5580000,0x00000000e0e00000,0x00000000e0e00000)
  from space 16896K, 0% used [0x00000000e2300000,0x00000000e2300000,0x00000000e3380000)
  to   space 21504K, 0% used [0x00000000e0e00000,0x00000000e0e00000,0x00000000e2300000)
 ParOldGen       total 134144K, used 36829K [0x0000000080000000, 0x0000000088300000, 0x00000000d5580000)
  object space 134144K, 27% used [0x0000000080000000,0x00000000823f7430,0x0000000088300000)
 Metaspace       used 66700K, capacity 70018K, committed 70272K, reserved 1110016K
  class space    used 9457K, capacity 10050K, committed 10112K, reserved 1048576K
Event: 9.208 GC heap after
Heap after GC invocations=16 (full 3):
 PSYoungGen      total 210432K, used 19314K [0x00000000d5580000, 0x00000000e6280000, 0x0000000100000000)
  eden space 188928K, 0% used [0x00000000d5580000,0x00000000d5580000,0x00000000e0e00000)
  from space 21504K, 89% used [0x00000000e0e00000,0x00000000e20dcb50,0x00000000e2300000)
  to   space 23552K, 0% used [0x00000000e4b80000,0x00000000e4b80000,0x00000000e6280000)
 ParOldGen       total 134144K, used 36901K [0x0000000080000000, 0x0000000088300000, 0x00000000d5580000)
  object space 134144K, 27% used [0x0000000080000000,0x0000000082409440,0x0000000088300000)
 Metaspace       used 66700K, capacity 70018K, committed 70272K, reserved 1110016K
  class space    used 9457K, capacity 10050K, committed 10112K, reserved 1048576K
}
Event: 12.568 GC heap before
{Heap before GC invocations=17 (full 3):
 PSYoungGen      total 210432K, used 208242K [0x00000000d5580000, 0x00000000e6280000, 0x0000000100000000)
  eden space 188928K, 100% used [0x00000000d5580000,0x00000000e0e00000,0x00000000e0e00000)
  from space 21504K, 89% used [0x00000000e0e00000,0x00000000e20dcb50,0x00000000e2300000)
  to   space 23552K, 0% used [0x00000000e4b80000,0x00000000e4b80000,0x00000000e6280000)
 ParOldGen       total 134144K, used 36901K [0x0000000080000000, 0x0000000088300000, 0x00000000d5580000)
  object space 134144K, 27% used [0x0000000080000000,0x0000000082409440,0x0000000088300000)
 Metaspace       used 67990K, capacity 71482K, committed 71680K, reserved 1110016K
  class space    used 9543K, capacity 10194K, committed 10240K, reserved 1048576K
Event: 12.586 GC heap after
Heap after GC invocations=17 (full 3):
 PSYoungGen      total 247296K, used 23532K [0x00000000d5580000, 0x00000000e6500000, 0x0000000100000000)
  eden space 223744K, 0% used [0x00000000d5580000,0x00000000d5580000,0x00000000e3000000)
  from space 23552K, 99% used [0x00000000e4b80000,0x00000000e627b0a0,0x00000000e6280000)
  to   space 27136K, 0% used [0x00000000e3000000,0x00000000e3000000,0x00000000e4a80000)
 ParOldGen       total 134144K, used 37549K [0x0000000080000000, 0x0000000088300000, 0x00000000d5580000)
  object space 134144K, 27% used [0x0000000080000000,0x00000000824ab418,0x0000000088300000)
 Metaspace       used 67990K, capacity 71482K, committed 71680K, reserved 1110016K
  class space    used 9543K, capacity 10194K, committed 10240K, reserved 1048576K
}
Event: 17.711 GC heap before
{Heap before GC invocations=18 (full 3):
 PSYoungGen      total 247296K, used 246731K [0x00000000d5580000, 0x00000000e6500000, 0x0000000100000000)
  eden space 223744K, 99% used [0x00000000d5580000,0x00000000e2f77da0,0x00000000e3000000)
  from space 23552K, 99% used [0x00000000e4b80000,0x00000000e627b0a0,0x00000000e6280000)
  to   space 27136K, 0% used [0x00000000e3000000,0x00000000e3000000,0x00000000e4a80000)
 ParOldGen       total 134144K, used 37549K [0x0000000080000000, 0x0000000088300000, 0x00000000d5580000)
  object space 134144K, 27% used [0x0000000080000000,0x00000000824ab418,0x0000000088300000)
 Metaspace       used 80352K, capacity 84770K, committed 84864K, reserved 1122304K
  class space    used 11372K, capacity 12154K, committed 12160K, reserved 1048576K
Event: 17.802 GC heap after
Heap after GC invocations=18 (full 3):
 PSYoungGen      total 250880K, used 24225K [0x00000000d5580000, 0x00000000e9600000, 0x0000000100000000)
  eden space 223744K, 0% used [0x00000000d5580000,0x00000000d5580000,0x00000000e3000000)
  from space 27136K, 89% used [0x00000000e3000000,0x00000000e47a8460,0x00000000e4a80000)
  to   space 30208K, 0% used [0x00000000e7880000,0x00000000e7880000,0x00000000e9600000)
 ParOldGen       total 134144K, used 60819K [0x0000000080000000, 0x0000000088300000, 0x00000000d5580000)
  object space 134144K, 45% used [0x0000000080000000,0x0000000083b64e48,0x0000000088300000)
 Metaspace       used 80352K, capacity 84770K, committed 84864K, reserved 1122304K
  class space    used 11372K, capacity 12154K, committed 12160K, reserved 1048576K
}
Event: 177.149 GC heap before
{Heap before GC invocations=19 (full 3):
 PSYoungGen      total 250880K, used 247969K [0x00000000d5580000, 0x00000000e9600000, 0x0000000100000000)
  eden space 223744K, 100% used [0x00000000d5580000,0x00000000e3000000,0x00000000e3000000)
  from space 27136K, 89% used [0x00000000e3000000,0x00000000e47a8460,0x00000000e4a80000)
  to   space 30208K, 0% used [0x00000000e7880000,0x00000000e7880000,0x00000000e9600000)
 ParOldGen       total 134144K, used 60819K [0x0000000080000000, 0x0000000088300000, 0x00000000d5580000)
  object space 134144K, 45% used [0x0000000080000000,0x0000000083b64e48,0x0000000088300000)
 Metaspace       used 84106K, capacity 88760K, committed 89088K, reserved 1126400K
  class space    used 11631K, capacity 12461K, committed 12544K, reserved 1048576K
Event: 177.224 GC heap after
Heap after GC invocations=19 (full 3):
 PSYoungGen      total 281600K, used 16560K [0x00000000d5580000, 0x00000000e8d80000, 0x0000000100000000)
  eden space 260096K, 0% used [0x00000000d5580000,0x00000000d5580000,0x00000000e5380000)
  from space 21504K, 77% used [0x00000000e7880000,0x00000000e88ac218,0x00000000e8d80000)
  to   space 29696K, 0% used [0x00000000e5380000,0x00000000e5380000,0x00000000e7080000)
 ParOldGen       total 134144K, used 60827K [0x0000000080000000, 0x0000000088300000, 0x00000000d5580000)
  object space 134144K, 45% used [0x0000000080000000,0x0000000083b66e48,0x0000000088300000)
 Metaspace       used 84106K, capacity 88760K, committed 89088K, reserved 1126400K
  class space    used 11631K, capacity 12461K, committed 12544K, reserved 1048576K
}
Event: 249.738 GC heap before
{Heap before GC invocations=20 (full 3):
 PSYoungGen      total 281600K, used 276656K [0x00000000d5580000, 0x00000000e8d80000, 0x0000000100000000)
  eden space 260096K, 100% used [0x00000000d5580000,0x00000000e5380000,0x00000000e5380000)
  from space 21504K, 77% used [0x00000000e7880000,0x00000000e88ac218,0x00000000e8d80000)
  to   space 29696K, 0% used [0x00000000e5380000,0x00000000e5380000,0x00000000e7080000)
 ParOldGen       total 134144K, used 60827K [0x0000000080000000, 0x0000000088300000, 0x00000000d5580000)
  object space 134144K, 45% used [0x0000000080000000,0x0000000083b66e48,0x0000000088300000)
 Metaspace       used 85274K, capacity 90094K, committed 90240K, reserved 1126400K
  class space    used 11776K, capacity 12637K, committed 12672K, reserved 1048576K
Event: 249.849 GC heap after
Heap after GC invocations=20 (full 3):
 PSYoungGen      total 289792K, used 11304K [0x00000000d5580000, 0x00000000e8d80000, 0x0000000100000000)
  eden space 260096K, 0% used [0x00000000d5580000,0x00000000d5580000,0x00000000e5380000)
  from space 29696K, 38% used [0x00000000e5380000,0x00000000e5e8a3c0,0x00000000e7080000)
  to   space 21504K, 0% used [0x00000000e7880000,0x00000000e7880000,0x00000000e8d80000)
 ParOldGen       total 134144K, used 60835K [0x0000000080000000, 0x0000000088300000, 0x00000000d5580000)
  object space 134144K, 45% used [0x0000000080000000,0x0000000083b68e48,0x0000000088300000)
 Metaspace       used 85274K, capacity 90094K, committed 90240K, reserved 1126400K
  class space    used 11776K, capacity 12637K, committed 12672K, reserved 1048576K
}

