# JRE version: OpenJDK Runtime Environment (8.0_382-b05) (build 1.8.0_382-b05)
# Java VM: OpenJDK 64-Bit Server VM (25.382-b05 mixed mode windows-amd64 compressed oops)
Heap:
 PSYoungGen      total 373760K, used 222637K [0x00000000d5580000, 0x00000000ee080000, 0x0000000100000000)
  eden space 354816K, 62% used [0x00000000d5580000,0x00000000e2eeb7d0,0x00000000eb000000)
  from space 18944K, 0% used [0x00000000ec780000,0x00000000ec780000,0x00000000eda00000)
  to   space 24064K, 0% used [0x00000000eb000000,0x00000000eb000000,0x00000000ec780000)
 ParOldGen       total 103424K, used 39266K [0x0000000080000000, 0x0000000086500000, 0x00000000d5580000)
  object space 103424K, 37% used [0x0000000080000000,0x0000000082658b70,0x0000000086500000)
 Metaspace       used 72616K, capacity 75528K, committed 75904K, reserved 1114112K
  class space    used 9982K, capacity 10537K, committed 10624K, reserved 1048576K
GC Heap History (10 events):
Event: 13.448 GC heap before
{Heap before GC invocations=21 (full 1):
 PSYoungGen      total 285184K, used 139860K [0x00000000d5580000, 0x00000000eb400000, 0x0000000100000000)
  eden space 271872K, 46% used [0x00000000d5580000,0x00000000dd11d1d0,0x00000000e5f00000)
  from space 13312K, 99% used [0x00000000e5f00000,0x00000000e6bf8020,0x00000000e6c00000)
  to   space 14848K, 0% used [0x00000000ea580000,0x00000000ea580000,0x00000000eb400000)
 ParOldGen       total 62976K, used 14953K [0x0000000080000000, 0x0000000083d80000, 0x00000000d5580000)
  object space 62976K, 23% used [0x0000000080000000,0x0000000080e9a7c0,0x0000000083d80000)
 Metaspace       used 34267K, capacity 35442K, committed 35496K, reserved 1079296K
  class space    used 4782K, capacity 5103K, committed 5120K, reserved 1048576K
Event: 13.455 GC heap after
Heap after GC invocations=21 (full 1):
 PSYoungGen      total 331776K, used 2144K [0x00000000d5580000, 0x00000000eae80000, 0x0000000100000000)
  eden space 322560K, 0% used [0x00000000d5580000,0x00000000d5580000,0x00000000e9080000)
  from space 9216K, 23% used [0x00000000ea580000,0x00000000ea798010,0x00000000eae80000)
  to   space 15360K, 0% used [0x00000000e9080000,0x00000000e9080000,0x00000000e9f80000)
 ParOldGen       total 62976K, used 18761K [0x0000000080000000, 0x0000000083d80000, 0x00000000d5580000)
  object space 62976K, 29% used [0x0000000080000000,0x00000000812526c0,0x0000000083d80000)
 Metaspace       used 34267K, capacity 35442K, committed 35496K, reserved 1079296K
  class space    used 4782K, capacity 5103K, committed 5120K, reserved 1048576K
}
Event: 13.455 GC heap before
{Heap before GC invocations=22 (full 2):
 PSYoungGen      total 331776K, used 2144K [0x00000000d5580000, 0x00000000eae80000, 0x0000000100000000)
  eden space 322560K, 0% used [0x00000000d5580000,0x00000000d5580000,0x00000000e9080000)
  from space 9216K, 23% used [0x00000000ea580000,0x00000000ea798010,0x00000000eae80000)
  to   space 15360K, 0% used [0x00000000e9080000,0x00000000e9080000,0x00000000e9f80000)
 ParOldGen       total 62976K, used 18761K [0x0000000080000000, 0x0000000083d80000, 0x00000000d5580000)
  object space 62976K, 29% used [0x0000000080000000,0x00000000812526c0,0x0000000083d80000)
 Metaspace       used 34267K, capacity 35442K, committed 35496K, reserved 1079296K
  class space    used 4782K, capacity 5103K, committed 5120K, reserved 1048576K
Event: 14.022 GC heap after
Heap after GC invocations=22 (full 2):
 PSYoungGen      total 331776K, used 0K [0x00000000d5580000, 0x00000000eae80000, 0x0000000100000000)
  eden space 322560K, 0% used [0x00000000d5580000,0x00000000d5580000,0x00000000e9080000)
  from space 9216K, 0% used [0x00000000ea580000,0x00000000ea580000,0x00000000eae80000)
  to   space 15360K, 0% used [0x00000000e9080000,0x00000000e9080000,0x00000000e9f80000)
 ParOldGen       total 103424K, used 14866K [0x0000000080000000, 0x0000000086500000, 0x00000000d5580000)
  object space 103424K, 14% used [0x0000000080000000,0x0000000080e84b20,0x0000000086500000)
 Metaspace       used 34267K, capacity 35442K, committed 35496K, reserved 1079296K
  class space    used 4782K, capacity 5103K, committed 5120K, reserved 1048576K
}
Event: 19.560 GC heap before
{Heap before GC invocations=23 (full 2):
 PSYoungGen      total 331776K, used 322560K [0x00000000d5580000, 0x00000000eae80000, 0x0000000100000000)
  eden space 322560K, 100% used [0x00000000d5580000,0x00000000e9080000,0x00000000e9080000)
  from space 9216K, 0% used [0x00000000ea580000,0x00000000ea580000,0x00000000eae80000)
  to   space 15360K, 0% used [0x00000000e9080000,0x00000000e9080000,0x00000000e9f80000)
 ParOldGen       total 103424K, used 14866K [0x0000000080000000, 0x0000000086500000, 0x00000000d5580000)
  object space 103424K, 14% used [0x0000000080000000,0x0000000080e84b20,0x0000000086500000)
 Metaspace       used 46354K, capacity 48256K, committed 48512K, reserved 1091584K
  class space    used 6374K, capacity 6779K, committed 6784K, reserved 1048576K
Event: 19.585 GC heap after
Heap after GC invocations=23 (full 2):
 PSYoungGen      total 337920K, used 15357K [0x00000000d5580000, 0x00000000eda00000, 0x0000000100000000)
  eden space 322560K, 0% used [0x00000000d5580000,0x00000000d5580000,0x00000000e9080000)
  from space 15360K, 99% used [0x00000000e9080000,0x00000000e9f7f438,0x00000000e9f80000)
  to   space 18944K, 0% used [0x00000000ec780000,0x00000000ec780000,0x00000000eda00000)
 ParOldGen       total 103424K, used 18663K [0x0000000080000000, 0x0000000086500000, 0x00000000d5580000)
  object space 103424K, 18% used [0x0000000080000000,0x0000000081239c20,0x0000000086500000)
 Metaspace       used 46354K, capacity 48256K, committed 48512K, reserved 1091584K
  class space    used 6374K, capacity 6779K, committed 6784K, reserved 1048576K
}
Event: 22.117 GC heap before
{Heap before GC invocations=24 (full 2):
 PSYoungGen      total 337920K, used 158138K [0x00000000d5580000, 0x00000000eda00000, 0x0000000100000000)
  eden space 322560K, 44% used [0x00000000d5580000,0x00000000de0ef6e8,0x00000000e9080000)
  from space 15360K, 99% used [0x00000000e9080000,0x00000000e9f7f438,0x00000000e9f80000)
  to   space 18944K, 0% used [0x00000000ec780000,0x00000000ec780000,0x00000000eda00000)
 ParOldGen       total 103424K, used 18663K [0x0000000080000000, 0x0000000086500000, 0x00000000d5580000)
  object space 103424K, 18% used [0x0000000080000000,0x0000000081239c20,0x0000000086500000)
 Metaspace       used 56687K, capacity 58968K, committed 59136K, reserved 1099776K
  class space    used 7869K, capacity 8342K, committed 8448K, reserved 1048576K
Event: 22.135 GC heap after
Heap after GC invocations=24 (full 2):
 PSYoungGen      total 373760K, used 18938K [0x00000000d5580000, 0x00000000ee080000, 0x0000000100000000)
  eden space 354816K, 0% used [0x00000000d5580000,0x00000000d5580000,0x00000000eb000000)
  from space 18944K, 99% used [0x00000000ec780000,0x00000000ed9fe840,0x00000000eda00000)
  to   space 24064K, 0% used [0x00000000eb000000,0x00000000eb000000,0x00000000ec780000)
 ParOldGen       total 103424K, used 25238K [0x0000000080000000, 0x0000000086500000, 0x00000000d5580000)
  object space 103424K, 24% used [0x0000000080000000,0x00000000818a5b78,0x0000000086500000)
 Metaspace       used 56687K, capacity 58968K, committed 59136K, reserved 1099776K
  class space    used 7869K, capacity 8342K, committed 8448K, reserved 1048576K
}
Event: 22.135 GC heap before
{Heap before GC invocations=25 (full 3):
 PSYoungGen      total 373760K, used 18938K [0x00000000d5580000, 0x00000000ee080000, 0x0000000100000000)
  eden space 354816K, 0% used [0x00000000d5580000,0x00000000d5580000,0x00000000eb000000)
  from space 18944K, 99% used [0x00000000ec780000,0x00000000ed9fe840,0x00000000eda00000)
  to   space 24064K, 0% used [0x00000000eb000000,0x00000000eb000000,0x00000000ec780000)
 ParOldGen       total 103424K, used 25238K [0x0000000080000000, 0x0000000086500000, 0x00000000d5580000)
  object space 103424K, 24% used [0x0000000080000000,0x00000000818a5b78,0x0000000086500000)
 Metaspace       used 56687K, capacity 58968K, committed 59136K, reserved 1099776K
  class space    used 7869K, capacity 8342K, committed 8448K, reserved 1048576K
Event: 22.307 GC heap after
Heap after GC invocations=25 (full 3):
 PSYoungGen      total 373760K, used 0K [0x00000000d5580000, 0x00000000ee080000, 0x0000000100000000)
  eden space 354816K, 0% used [0x00000000d5580000,0x00000000d5580000,0x00000000eb000000)
  from space 18944K, 0% used [0x00000000ec780000,0x00000000ec780000,0x00000000eda00000)
  to   space 24064K, 0% used [0x00000000eb000000,0x00000000eb000000,0x00000000ec780000)
 ParOldGen       total 103424K, used 39266K [0x0000000080000000, 0x0000000086500000, 0x00000000d5580000)
  object space 103424K, 37% used [0x0000000080000000,0x0000000082658b70,0x0000000086500000)
 Metaspace       used 56673K, capacity 58920K, committed 59136K, reserved 1099776K
  class space    used 7864K, capacity 8334K, committed 8448K, reserved 1048576K
}

